<?xml version="1.0" encoding="UTF-8"?>
<testng-results ignored="0" total="2" passed="2" failed="0" skipped="0">
  <reporter-output>
  </reporter-output>
  <suite started-at="2025-05-22T23:14:14 IST" name="Suite" finished-at="2025-05-22T23:14:22 IST" duration-ms="7702">
    <groups>
    </groups>
    <test started-at="2025-05-22T23:14:14 IST" name="Test" finished-at="2025-05-22T23:14:22 IST" duration-ms="7702">
      <class name="test.LoginTests">
        <test-method is-config="true" signature="setupReport()[pri:0, instance:test.LoginTests@44c79f32]" started-at="2025-05-22T23:14:14 IST" name="setupReport" finished-at="2025-05-22T23:14:14 IST" duration-ms="159" status="PASS">
          <reporter-output>
          </reporter-output>
        </test-method> <!-- setupReport -->
        <test-method is-config="true" signature="setup(java.lang.reflect.Method)[pri:0, instance:test.LoginTests@44c79f32]" started-at="2025-05-22T23:14:14 IST" name="setup" finished-at="2025-05-22T23:14:19 IST" duration-ms="4441" status="PASS">
          <params>
            <param index="0">
              <value>
                <![CDATA[public void test.LoginTests.loginWithInvalidCredentials()]]>
              </value>
            </param>
          </params>
          <reporter-output>
          </reporter-output>
        </test-method> <!-- setup -->
        <test-method signature="loginWithInvalidCredentials()[pri:0, instance:test.LoginTests@44c79f32]" started-at="2025-05-22T23:14:19 IST" name="loginWithInvalidCredentials" finished-at="2025-05-22T23:14:19 IST" duration-ms="396" status="PASS">
          <reporter-output>
          </reporter-output>
        </test-method> <!-- loginWithInvalidCredentials -->
        <test-method is-config="true" signature="tearDown()[pri:0, instance:test.LoginTests@44c79f32]" started-at="2025-05-22T23:14:19 IST" name="tearDown" finished-at="2025-05-22T23:14:20 IST" duration-ms="599" status="PASS">
          <reporter-output>
          </reporter-output>
        </test-method> <!-- tearDown -->
        <test-method is-config="true" signature="setup(java.lang.reflect.Method)[pri:0, instance:test.LoginTests@44c79f32]" started-at="2025-05-22T23:14:20 IST" name="setup" finished-at="2025-05-22T23:14:21 IST" duration-ms="1442" status="PASS">
          <params>
            <param index="0">
              <value>
                <![CDATA[public void test.LoginTests.loginWithValidCredentials()]]>
              </value>
            </param>
          </params>
          <reporter-output>
          </reporter-output>
        </test-method> <!-- setup -->
        <test-method signature="loginWithValidCredentials()[pri:0, instance:test.LoginTests@44c79f32]" started-at="2025-05-22T23:14:21 IST" name="loginWithValidCredentials" finished-at="2025-05-22T23:14:22 IST" duration-ms="351" status="PASS">
          <reporter-output>
          </reporter-output>
        </test-method> <!-- loginWithValidCredentials -->
        <test-method is-config="true" signature="tearDown()[pri:0, instance:test.LoginTests@44c79f32]" started-at="2025-05-22T23:14:22 IST" name="tearDown" finished-at="2025-05-22T23:14:22 IST" duration-ms="447" status="PASS">
          <reporter-output>
          </reporter-output>
        </test-method> <!-- tearDown -->
        <test-method is-config="true" signature="flushReport()[pri:0, instance:test.LoginTests@44c79f32]" started-at="2025-05-22T23:14:22 IST" name="flushReport" finished-at="2025-05-22T23:14:22 IST" duration-ms="274" status="PASS">
          <reporter-output>
          </reporter-output>
        </test-method> <!-- flushReport -->
      </class> <!-- test.LoginTests -->
    </test> <!-- Test -->
  </suite> <!-- Suite -->
</testng-results>
